Backroot 8 VM started from ISO (PID 26107)
GUI:  run ./scripts/run-vm-gui.sh  OR  http://localhost:6080/vnc.html?autoconnect=1
VNC:  localhost:5902 (display :2)
Waiting for guest SSH and X11 desktop...
@@@@@@@@@@@@@@@@@@@@@@@@@@@@@@@@@@@@@@@@@@@@@@@@@@@@@@@@@@@
@    WARNING: REMOTE HOST IDENTIFICATION HAS CHANGED!     @
@@@@@@@@@@@@@@@@@@@@@@@@@@@@@@@@@@@@@@@@@@@@@@@@@@@@@@@@@@@
IT IS POSSIBLE THAT SOMEONE IS DOING SOMETHING NASTY!
Someone could be eavesdropping on you right now (man-in-the-middle attack)!
It is also possible that a host key has just been changed.
The fingerprint for the ED25519 key sent by the remote host is
SHA256:pJY0s7GWXpWGaAB2GeiGoxZI/YR7QUyAvRwchKBZL4E.
Please contact your system administrator.
Add correct host key in /home/ubuntu/.ssh/known_hosts to get rid of this message.
Offending ED25519 key in /home/ubuntu/.ssh/known_hosts:1
  remove with:
  ssh-keygen -f '/home/ubuntu/.ssh/known_hosts' -R '[127.0.0.1]:2222'
Password authentication is disabled to avoid man-in-the-middle attacks.
Keyboard-interactive authentication is disabled to avoid man-in-the-middle attacks.
Port forwarding is disabled to avoid man-in-the-middle attacks.
UpdateHostkeys is disabled because the host key is not trusted.
Error: forwarding disabled due to host key check failure
Warning: VNC port 5903 not accepting connections yet (VM may still be booting).
WARNING: Guest X11/x11vnc not ready — showing QEMU VGA (often blank/black).
         Wait for boot, or rebuild ISO after backroot8-live-cow fix. SSH: port 2222

══════════════════════════════════════════════════════════
  Backroot 8 GUI is ready
══════════════════════════════════════════════════════════

  IMPORTANT (Cursor / remote): do NOT open localhost on your
  own PC. Use the forwarded port from the Ports tab.

  1. Open Cursor → Ports → forward port 6080
  2. Click the forwarded URL (https://... is normal)
  3. If you see 'failed to connect', use this URL instead:
     http://127.0.0.1:6080/vnc.html#autoconnect=1&resize=scale&path=websockify&encrypt=1

  On the agent machine (local only):
     http://127.0.0.1:6080/vnc.html?autoconnect=1&resize=scale&path=websockify

  VNC: 127.0.0.1:5902
  VM PID: 26107
  websockify PID: 28837
══════════════════════════════════════════════════════════
